[13:42:16] [trace] Jasmine: Jasmine Engine v0.1a
[13:42:16] [trace] Jasmine: Initializing...
[13:42:16] [info] Jasmine: Creating window JasEditor (1600, 900)
[13:42:17] [info] Jasmine: VulkanContext::Create
[13:42:19] [trace] Jasmine: Vulkan Instance Layers:
[13:42:19] [trace] Jasmine:   VK_LAYER_NV_optimus
[13:42:19] [trace] Jasmine:   VK_LAYER_reshade
[13:42:19] [trace] Jasmine:   VK_LAYER_VALVE_steam_overlay
[13:42:19] [trace] Jasmine:   VK_LAYER_VALVE_steam_fossilize
[13:42:19] [trace] Jasmine:   VK_LAYER_EOS_Overlay
[13:42:19] [trace] Jasmine:   VK_LAYER_EOS_Overlay
[13:42:19] [trace] Jasmine:   VK_LAYER_LUNARG_api_dump
[13:42:19] [trace] Jasmine:   VK_LAYER_LUNARG_gfxreconstruct
[13:42:19] [trace] Jasmine:   VK_LAYER_KHRONOS_synchronization2
[13:42:19] [trace] Jasmine:   VK_LAYER_KHRONOS_validation
[13:42:20] [trace] Jasmine: Selected physical device has 187 extensions
[13:42:20] [trace] Jasmine:   VK_KHR_16bit_storage
[13:42:20] [trace] Jasmine:   VK_KHR_8bit_storage
[13:42:20] [trace] Jasmine:   VK_KHR_acceleration_structure
[13:42:20] [trace] Jasmine:   VK_KHR_bind_memory2
[13:42:20] [trace] Jasmine:   VK_KHR_buffer_device_address
[13:42:20] [trace] Jasmine:   VK_KHR_copy_commands2
[13:42:20] [trace] Jasmine:   VK_KHR_create_renderpass2
[13:42:20] [trace] Jasmine:   VK_KHR_dedicated_allocation
[13:42:20] [trace] Jasmine:   VK_KHR_deferred_host_operations
[13:42:20] [trace] Jasmine:   VK_KHR_depth_stencil_resolve
[13:42:20] [trace] Jasmine:   VK_KHR_descriptor_update_template
[13:42:20] [trace] Jasmine:   VK_KHR_device_group
[13:42:20] [trace] Jasmine:   VK_KHR_draw_indirect_count
[13:42:20] [trace] Jasmine:   VK_KHR_driver_properties
[13:42:20] [trace] Jasmine:   VK_KHR_dynamic_rendering
[13:42:20] [trace] Jasmine:   VK_KHR_external_fence
[13:42:20] [trace] Jasmine:   VK_KHR_external_fence_win32
[13:42:20] [trace] Jasmine:   VK_KHR_external_memory
[13:42:20] [trace] Jasmine:   VK_KHR_external_memory_win32
[13:42:20] [trace] Jasmine:   VK_KHR_external_semaphore
[13:42:20] [trace] Jasmine:   VK_KHR_external_semaphore_win32
[13:42:20] [trace] Jasmine:   VK_KHR_format_feature_flags2
[13:42:20] [trace] Jasmine:   VK_KHR_fragment_shader_barycentric
[13:42:20] [trace] Jasmine:   VK_KHR_fragment_shading_rate
[13:42:20] [trace] Jasmine:   VK_KHR_get_memory_requirements2
[13:42:20] [trace] Jasmine:   VK_KHR_global_priority
[13:42:20] [trace] Jasmine:   VK_KHR_image_format_list
[13:42:20] [trace] Jasmine:   VK_KHR_imageless_framebuffer
[13:42:20] [trace] Jasmine:   VK_KHR_maintenance1
[13:42:20] [trace] Jasmine:   VK_KHR_maintenance2
[13:42:20] [trace] Jasmine:   VK_KHR_maintenance3
[13:42:20] [trace] Jasmine:   VK_KHR_maintenance4
[13:42:20] [trace] Jasmine:   VK_KHR_multiview
[13:42:20] [trace] Jasmine:   VK_KHR_pipeline_executable_properties
[13:42:20] [trace] Jasmine:   VK_KHR_pipeline_library
[13:42:20] [trace] Jasmine:   VK_KHR_present_id
[13:42:20] [trace] Jasmine:   VK_KHR_present_wait
[13:42:20] [trace] Jasmine:   VK_KHR_push_descriptor
[13:42:20] [trace] Jasmine:   VK_KHR_ray_query
[13:42:20] [trace] Jasmine:   VK_KHR_ray_tracing_maintenance1
[13:42:20] [trace] Jasmine:   VK_KHR_ray_tracing_pipeline
[13:42:20] [trace] Jasmine:   VK_KHR_relaxed_block_layout
[13:42:20] [trace] Jasmine:   VK_KHR_sampler_mirror_clamp_to_edge
[13:42:20] [trace] Jasmine:   VK_KHR_sampler_ycbcr_conversion
[13:42:20] [trace] Jasmine:   VK_KHR_separate_depth_stencil_layouts
[13:42:20] [trace] Jasmine:   VK_KHR_shader_atomic_int64
[13:42:20] [trace] Jasmine:   VK_KHR_shader_clock
[13:42:20] [trace] Jasmine:   VK_KHR_shader_draw_parameters
[13:42:20] [trace] Jasmine:   VK_KHR_shader_float16_int8
[13:42:20] [trace] Jasmine:   VK_KHR_shader_float_controls
[13:42:20] [trace] Jasmine:   VK_KHR_shader_integer_dot_product
[13:42:20] [trace] Jasmine:   VK_KHR_shader_non_semantic_info
[13:42:20] [trace] Jasmine:   VK_KHR_shader_subgroup_extended_types
[13:42:20] [trace] Jasmine:   VK_KHR_shader_subgroup_uniform_control_flow
[13:42:20] [trace] Jasmine:   VK_KHR_shader_terminate_invocation
[13:42:20] [trace] Jasmine:   VK_KHR_spirv_1_4
[13:42:20] [trace] Jasmine:   VK_KHR_storage_buffer_storage_class
[13:42:20] [trace] Jasmine:   VK_KHR_swapchain
[13:42:20] [trace] Jasmine:   VK_KHR_swapchain_mutable_format
[13:42:20] [trace] Jasmine:   VK_KHR_synchronization2
[13:42:20] [trace] Jasmine:   VK_KHR_timeline_semaphore
[13:42:20] [trace] Jasmine:   VK_KHR_uniform_buffer_standard_layout
[13:42:20] [trace] Jasmine:   VK_KHR_variable_pointers
[13:42:20] [trace] Jasmine:   VK_KHR_video_decode_h264
[13:42:20] [trace] Jasmine:   VK_KHR_video_decode_h265
[13:42:20] [trace] Jasmine:   VK_KHR_video_decode_queue
[13:42:20] [trace] Jasmine:   VK_KHR_video_queue
[13:42:20] [trace] Jasmine:   VK_KHR_vulkan_memory_model
[13:42:20] [trace] Jasmine:   VK_KHR_win32_keyed_mutex
[13:42:20] [trace] Jasmine:   VK_KHR_workgroup_memory_explicit_layout
[13:42:20] [trace] Jasmine:   VK_KHR_zero_initialize_workgroup_memory
[13:42:20] [trace] Jasmine:   VK_EXT_4444_formats
[13:42:20] [trace] Jasmine:   VK_EXT_attachment_feedback_loop_layout
[13:42:20] [trace] Jasmine:   VK_EXT_blend_operation_advanced
[13:42:20] [trace] Jasmine:   VK_EXT_border_color_swizzle
[13:42:20] [trace] Jasmine:   VK_EXT_buffer_device_address
[13:42:20] [trace] Jasmine:   VK_EXT_calibrated_timestamps
[13:42:20] [trace] Jasmine:   VK_EXT_color_write_enable
[13:42:20] [trace] Jasmine:   VK_EXT_conditional_rendering
[13:42:20] [trace] Jasmine:   VK_EXT_conservative_rasterization
[13:42:20] [trace] Jasmine:   VK_EXT_custom_border_color
[13:42:20] [trace] Jasmine:   VK_EXT_depth_clamp_zero_one
[13:42:20] [trace] Jasmine:   VK_EXT_depth_clip_control
[13:42:20] [trace] Jasmine:   VK_EXT_depth_clip_enable
[13:42:20] [trace] Jasmine:   VK_EXT_depth_range_unrestricted
[13:42:20] [trace] Jasmine:   VK_EXT_descriptor_buffer
[13:42:20] [trace] Jasmine:   VK_EXT_descriptor_indexing
[13:42:20] [trace] Jasmine:   VK_EXT_discard_rectangles
[13:42:20] [trace] Jasmine:   VK_EXT_extended_dynamic_state
[13:42:20] [trace] Jasmine:   VK_EXT_extended_dynamic_state2
[13:42:20] [trace] Jasmine:   VK_EXT_extended_dynamic_state3
[13:42:20] [trace] Jasmine:   VK_EXT_external_memory_host
[13:42:20] [trace] Jasmine:   VK_EXT_fragment_shader_interlock
[13:42:20] [trace] Jasmine:   VK_EXT_full_screen_exclusive
[13:42:20] [trace] Jasmine:   VK_EXT_global_priority
[13:42:20] [trace] Jasmine:   VK_EXT_global_priority_query
[13:42:20] [trace] Jasmine:   VK_EXT_graphics_pipeline_library
[13:42:20] [trace] Jasmine:   VK_EXT_hdr_metadata
[13:42:20] [trace] Jasmine:   VK_EXT_host_query_reset
[13:42:20] [trace] Jasmine:   VK_EXT_image_2d_view_of_3d
[13:42:20] [trace] Jasmine:   VK_EXT_image_robustness
[13:42:20] [trace] Jasmine:   VK_EXT_image_view_min_lod
[13:42:20] [trace] Jasmine:   VK_EXT_index_type_uint8
[13:42:20] [trace] Jasmine:   VK_EXT_inline_uniform_block
[13:42:20] [trace] Jasmine:   VK_EXT_line_rasterization
[13:42:20] [trace] Jasmine:   VK_EXT_load_store_op_none
[13:42:20] [trace] Jasmine:   VK_EXT_memory_budget
[13:42:20] [trace] Jasmine:   VK_EXT_memory_priority
[13:42:20] [trace] Jasmine:   VK_EXT_mesh_shader
[13:42:20] [trace] Jasmine:   VK_EXT_multi_draw
[13:42:20] [trace] Jasmine:   VK_EXT_mutable_descriptor_type
[13:42:20] [trace] Jasmine:   VK_EXT_non_seamless_cube_map
[13:42:20] [trace] Jasmine:   VK_EXT_opacity_micromap
[13:42:20] [trace] Jasmine:   VK_EXT_pageable_device_local_memory
[13:42:20] [trace] Jasmine:   VK_EXT_pci_bus_info
[13:42:20] [trace] Jasmine:   VK_EXT_pipeline_creation_cache_control
[13:42:20] [trace] Jasmine:   VK_EXT_pipeline_creation_feedback
[13:42:20] [trace] Jasmine:   VK_EXT_pipeline_robustness
[13:42:20] [trace] Jasmine:   VK_EXT_post_depth_coverage
[13:42:20] [trace] Jasmine:   VK_EXT_primitive_topology_list_restart
[13:42:20] [trace] Jasmine:   VK_EXT_primitives_generated_query
[13:42:20] [trace] Jasmine:   VK_EXT_private_data
[13:42:20] [trace] Jasmine:   VK_EXT_provoking_vertex
[13:42:20] [trace] Jasmine:   VK_EXT_queue_family_foreign
[13:42:20] [trace] Jasmine:   VK_EXT_robustness2
[13:42:20] [trace] Jasmine:   VK_EXT_sample_locations
[13:42:20] [trace] Jasmine:   VK_EXT_sampler_filter_minmax
[13:42:20] [trace] Jasmine:   VK_EXT_scalar_block_layout
[13:42:20] [trace] Jasmine:   VK_EXT_separate_stencil_usage
[13:42:20] [trace] Jasmine:   VK_EXT_shader_atomic_float
[13:42:20] [trace] Jasmine:   VK_EXT_shader_demote_to_helper_invocation
[13:42:20] [trace] Jasmine:   VK_EXT_shader_image_atomic_int64
[13:42:20] [trace] Jasmine:   VK_EXT_shader_module_identifier
[13:42:20] [trace] Jasmine:   VK_EXT_shader_subgroup_ballot
[13:42:20] [trace] Jasmine:   VK_EXT_shader_subgroup_vote
[13:42:20] [trace] Jasmine:   VK_EXT_shader_viewport_index_layer
[13:42:20] [trace] Jasmine:   VK_EXT_subgroup_size_control
[13:42:20] [trace] Jasmine:   VK_EXT_texel_buffer_alignment
[13:42:20] [trace] Jasmine:   VK_EXT_tooling_info
[13:42:20] [trace] Jasmine:   VK_EXT_transform_feedback
[13:42:20] [trace] Jasmine:   VK_EXT_vertex_attribute_divisor
[13:42:20] [trace] Jasmine:   VK_EXT_vertex_input_dynamic_state
[13:42:20] [trace] Jasmine:   VK_EXT_ycbcr_2plane_444_formats
[13:42:20] [trace] Jasmine:   VK_EXT_ycbcr_image_arrays
[13:42:20] [trace] Jasmine:   VK_NV_acquire_winrt_display
[13:42:20] [trace] Jasmine:   VK_NV_clip_space_w_scaling
[13:42:20] [trace] Jasmine:   VK_NV_compute_shader_derivatives
[13:42:20] [trace] Jasmine:   VK_NV_cooperative_matrix
[13:42:20] [trace] Jasmine:   VK_NV_copy_memory_indirect
[13:42:20] [trace] Jasmine:   VK_NV_corner_sampled_image
[13:42:20] [trace] Jasmine:   VK_NV_coverage_reduction_mode
[13:42:20] [trace] Jasmine:   VK_NV_cuda_kernel_launch
[13:42:20] [trace] Jasmine:   VK_NV_dedicated_allocation
[13:42:20] [trace] Jasmine:   VK_NV_dedicated_allocation_image_aliasing
[13:42:20] [trace] Jasmine:   VK_NV_device_diagnostic_checkpoints
[13:42:20] [trace] Jasmine:   VK_NV_device_diagnostics_config
[13:42:20] [trace] Jasmine:   VK_NV_device_generated_commands
[13:42:20] [trace] Jasmine:   VK_NV_external_memory
[13:42:20] [trace] Jasmine:   VK_NV_external_memory_win32
[13:42:20] [trace] Jasmine:   VK_NV_fill_rectangle
[13:42:20] [trace] Jasmine:   VK_NV_fragment_coverage_to_color
[13:42:20] [trace] Jasmine:   VK_NV_fragment_shader_barycentric
[13:42:20] [trace] Jasmine:   VK_NV_fragment_shading_rate_enums
[13:42:20] [trace] Jasmine:   VK_NV_framebuffer_mixed_samples
[13:42:20] [trace] Jasmine:   VK_NV_geometry_shader_passthrough
[13:42:20] [trace] Jasmine:   VK_NV_inherited_viewport_scissor
[13:42:20] [trace] Jasmine:   VK_NV_linear_color_attachment
[13:42:20] [trace] Jasmine:   VK_NV_low_latency
[13:42:20] [trace] Jasmine:   VK_NV_memory_decompression
[13:42:20] [trace] Jasmine:   VK_NV_mesh_shader
[13:42:20] [trace] Jasmine:   VK_NV_optical_flow
[13:42:20] [trace] Jasmine:   VK_NV_ray_tracing
[13:42:20] [trace] Jasmine:   VK_NV_ray_tracing_invocation_reorder
[13:42:20] [trace] Jasmine:   VK_NV_ray_tracing_motion_blur
[13:42:20] [trace] Jasmine:   VK_NV_representative_fragment_test
[13:42:20] [trace] Jasmine:   VK_NV_sample_mask_override_coverage
[13:42:20] [trace] Jasmine:   VK_NV_scissor_exclusive
[13:42:20] [trace] Jasmine:   VK_NV_shader_image_footprint
[13:42:20] [trace] Jasmine:   VK_NV_shader_sm_builtins
[13:42:20] [trace] Jasmine:   VK_NV_shader_subgroup_partitioned
[13:42:20] [trace] Jasmine:   VK_NV_shading_rate_image
[13:42:20] [trace] Jasmine:   VK_NV_viewport_array2
[13:42:20] [trace] Jasmine:   VK_NV_viewport_swizzle
[13:42:20] [trace] Jasmine:   VK_NV_win32_keyed_mutex
[13:42:20] [trace] Jasmine:   VK_NVX_binary_import
[13:42:20] [trace] Jasmine:   VK_NVX_image_view_handle
[13:42:20] [trace] Jasmine:   VK_NVX_multiview_per_view_attributes
[13:42:20] [trace] Jasmine: GpuCrashTracker::Initialize
[13:42:21] [warning] Jasmine: VulkanContext::OnResize
[13:42:21] [trace] Jasmine: ===========================
[13:42:21] [trace] Jasmine:  Vulkan Shader Reflection
[13:42:21] [trace] Jasmine:  assets/shaders/EnvironmentMipFilter.glsl
[13:42:21] [trace] Jasmine: ===========================
[13:42:21] [trace] Jasmine: Uniform Buffers:
[13:42:21] [trace] Jasmine: Push Constant Buffers:
[13:42:21] [trace] Jasmine:   Name: u_Uniforms
[13:42:21] [trace] Jasmine:   Member Count: 1
[13:42:21] [trace] Jasmine:   Size: 4
[13:42:21] [trace] Jasmine: Sampled Images:
[13:42:21] [trace] Jasmine:   inputTexture (0, 1)
[13:42:21] [trace] Jasmine: Storage Images:
[13:42:21] [trace] Jasmine:   outputTexture (0, 0)
[13:42:21] [trace] Jasmine: ===========================
[13:42:21] [info] Jasmine: Creating descriptor set 0 with 0 ubos, 1 samplers and 1 storage images
[13:42:21] [trace] Jasmine: ===========================
[13:42:21] [trace] Jasmine:  Vulkan Shader Reflection
[13:42:21] [trace] Jasmine:  assets/shaders/EquirectangularToCubeMap.glsl
[13:42:21] [trace] Jasmine: ===========================
[13:42:21] [trace] Jasmine: Uniform Buffers:
[13:42:21] [trace] Jasmine: Push Constant Buffers:
[13:42:21] [trace] Jasmine: Sampled Images:
[13:42:21] [trace] Jasmine:   u_EquirectangularTex (0, 1)
[13:42:21] [trace] Jasmine: Storage Images:
[13:42:21] [trace] Jasmine:   o_CubeMap (0, 0)
[13:42:21] [trace] Jasmine: ===========================
[13:42:21] [info] Jasmine: Creating descriptor set 0 with 0 ubos, 1 samplers and 1 storage images
[13:42:21] [trace] Jasmine: ===========================
[13:42:21] [trace] Jasmine:  Vulkan Shader Reflection
[13:42:21] [trace] Jasmine:  assets/shaders/EnvironmentIrradiance.glsl
[13:42:21] [trace] Jasmine: ===========================
[13:42:21] [trace] Jasmine: Uniform Buffers:
[13:42:21] [trace] Jasmine: Push Constant Buffers:
[13:42:21] [trace] Jasmine:   Name: u_Uniforms
[13:42:21] [trace] Jasmine:   Member Count: 1
[13:42:21] [trace] Jasmine:   Size: 4
[13:42:21] [trace] Jasmine: Sampled Images:
[13:42:21] [trace] Jasmine:   u_RadianceMap (0, 1)
[13:42:21] [trace] Jasmine: Storage Images:
[13:42:21] [trace] Jasmine:   o_IrradianceMap (0, 0)
[13:42:21] [trace] Jasmine: ===========================
[13:42:21] [info] Jasmine: Creating descriptor set 0 with 0 ubos, 1 samplers and 1 storage images
[13:42:21] [trace] Jasmine: ===========================
[13:42:21] [trace] Jasmine:  Vulkan Shader Reflection
[13:42:21] [trace] Jasmine:  assets/shaders/PreethamSky.glsl
[13:42:21] [trace] Jasmine: ===========================
[13:42:21] [trace] Jasmine: Uniform Buffers:
[13:42:21] [trace] Jasmine: Push Constant Buffers:
[13:42:21] [trace] Jasmine:   Name: u_Uniforms
[13:42:21] [trace] Jasmine:   Member Count: 1
[13:42:21] [trace] Jasmine:   Size: 12
[13:42:21] [trace] Jasmine: Sampled Images:
[13:42:21] [trace] Jasmine: Storage Images:
[13:42:21] [trace] Jasmine:   o_CubeMap (0, 0)
[13:42:21] [trace] Jasmine: ===========================
[13:42:21] [info] Jasmine: Creating descriptor set 0 with 0 ubos, 0 samplers and 1 storage images
[13:42:21] [trace] Jasmine: ===========================
[13:42:21] [trace] Jasmine:  Vulkan Shader Reflection
[13:42:21] [trace] Jasmine:  assets/shaders/Grid.glsl
[13:42:21] [trace] Jasmine: ===========================
[13:42:21] [trace] Jasmine: Uniform Buffers:
[13:42:21] [trace] Jasmine:   Camera (0, 0)
[13:42:21] [trace] Jasmine:   Member Count: 2
[13:42:21] [trace] Jasmine:   Size: 128
[13:42:21] [trace] Jasmine: -------------------
[13:42:21] [trace] Jasmine: Push Constant Buffers:
[13:42:21] [trace] Jasmine: Sampled Images:
[13:42:21] [trace] Jasmine: Storage Images:
[13:42:21] [trace] Jasmine: ===========================
[13:42:21] [trace] Jasmine: ===========================
[13:42:21] [trace] Jasmine:  Vulkan Shader Reflection
[13:42:21] [trace] Jasmine:  assets/shaders/Grid.glsl
[13:42:21] [trace] Jasmine: ===========================
[13:42:21] [trace] Jasmine: Uniform Buffers:
[13:42:21] [trace] Jasmine: Push Constant Buffers:
[13:42:21] [trace] Jasmine:   Name: u_Settings
[13:42:21] [trace] Jasmine:   Member Count: 2
[13:42:21] [trace] Jasmine:   Size: 72
[13:42:21] [trace] Jasmine: Sampled Images:
[13:42:21] [trace] Jasmine: Storage Images:
[13:42:21] [trace] Jasmine: ===========================
[13:42:21] [info] Jasmine: Creating descriptor set 0 with 1 ubos, 0 samplers and 0 storage images
[13:42:21] [trace] Jasmine: ===========================
[13:42:21] [trace] Jasmine:  Vulkan Shader Reflection
[13:42:21] [trace] Jasmine:  assets/shaders/SceneComposite.glsl
[13:42:21] [trace] Jasmine: ===========================
[13:42:21] [trace] Jasmine: Uniform Buffers:
[13:42:21] [trace] Jasmine: Push Constant Buffers:
[13:42:21] [trace] Jasmine: Sampled Images:
[13:42:21] [trace] Jasmine: Storage Images:
[13:42:21] [trace] Jasmine: ===========================
[13:42:21] [trace] Jasmine: ===========================
[13:42:21] [trace] Jasmine:  Vulkan Shader Reflection
[13:42:21] [trace] Jasmine:  assets/shaders/SceneComposite.glsl
[13:42:21] [trace] Jasmine: ===========================
[13:42:21] [trace] Jasmine: Uniform Buffers:
[13:42:21] [trace] Jasmine: Push Constant Buffers:
[13:42:21] [trace] Jasmine:   Name: u_Uniforms
[13:42:21] [trace] Jasmine:   Member Count: 1
[13:42:21] [trace] Jasmine:   Size: 4
[13:42:21] [trace] Jasmine: Sampled Images:
[13:42:21] [trace] Jasmine:   u_Texture (0, 0)
[13:42:21] [trace] Jasmine: Storage Images:
[13:42:21] [trace] Jasmine: ===========================
[13:42:21] [info] Jasmine: Creating descriptor set 0 with 0 ubos, 1 samplers and 0 storage images
[13:42:21] [trace] Jasmine: ===========================
[13:42:21] [trace] Jasmine:  Vulkan Shader Reflection
[13:42:21] [trace] Jasmine:  assets/shaders/JasminePBR_Static.glsl
[13:42:21] [trace] Jasmine: ===========================
[13:42:21] [trace] Jasmine: Uniform Buffers:
[13:42:21] [trace] Jasmine:   ShadowData (0, 1)
[13:42:21] [trace] Jasmine:   Member Count: 1
[13:42:21] [trace] Jasmine:   Size: 256
[13:42:21] [trace] Jasmine: -------------------
[13:42:21] [trace] Jasmine:   Camera (0, 0)
[13:42:21] [trace] Jasmine:   Member Count: 3
[13:42:21] [trace] Jasmine:   Size: 192
[13:42:21] [trace] Jasmine: -------------------
[13:42:21] [trace] Jasmine: Push Constant Buffers:
[13:42:21] [trace] Jasmine: Sampled Images:
[13:42:21] [trace] Jasmine: Storage Images:
[13:42:21] [trace] Jasmine: ===========================
[13:42:21] [trace] Jasmine: ===========================
[13:42:21] [trace] Jasmine:  Vulkan Shader Reflection
[13:42:21] [trace] Jasmine:  assets/shaders/JasminePBR_Static.glsl
[13:42:21] [trace] Jasmine: ===========================
[13:42:21] [trace] Jasmine: Uniform Buffers:
[13:42:21] [trace] Jasmine:   SceneData (0, 2)
[13:42:21] [trace] Jasmine:   Member Count: 3
[13:42:21] [trace] Jasmine:   Size: 48
[13:42:21] [trace] Jasmine: -------------------
[13:42:21] [trace] Jasmine:   RendererData (0, 3)
[13:42:21] [trace] Jasmine:   Member Count: 8
[13:42:21] [trace] Jasmine:   Size: 44
[13:42:21] [trace] Jasmine: -------------------
[13:42:21] [trace] Jasmine: Push Constant Buffers:
[13:42:21] [trace] Jasmine:   Name: u_MaterialUniforms
[13:42:21] [trace] Jasmine:   Member Count: 5
[13:42:21] [trace] Jasmine:   Size: 92
[13:42:21] [trace] Jasmine: Sampled Images:
[13:42:21] [trace] Jasmine:   u_EnvIrradianceTex (1, 9)
[13:42:21] [trace] Jasmine:   u_EnvRadianceTex (1, 8)
[13:42:21] [trace] Jasmine:   u_BRDFLUTTexture (1, 10)
[13:42:21] [trace] Jasmine:   u_AlbedoTexture (0, 4)
[13:42:21] [trace] Jasmine:   u_MetalnessTexture (0, 6)
[13:42:21] [trace] Jasmine:   u_RoughnessTexture (0, 7)
[13:42:21] [trace] Jasmine:   u_NormalTexture (0, 5)
[13:42:21] [trace] Jasmine:   u_ShadowMapTexture (1, 11)
[13:42:21] [trace] Jasmine: Storage Images:
[13:42:21] [trace] Jasmine: ===========================
[13:42:21] [info] Jasmine: Creating descriptor set 0 with 4 ubos, 4 samplers and 0 storage images
[13:42:21] [info] Jasmine: Creating descriptor set 1 with 0 ubos, 4 samplers and 0 storage images
[13:42:22] [error] Jasmine: assets/shaders/JasminePBR_Anim.glsl:17: error: 'non-opaque uniforms outside a block' : not allowed when using GLSL for Vulkan
assets/shaders/JasminePBR_Anim.glsl:18: error: 'non-opaque uniforms outside a block' : not allowed when using GLSL for 